<?xml version="1.0" encoding="UTF-8"?>
<!-- Generated by org.testng.reporters.JUnitReportReporter -->
<testsuite hostname="DESKTOP-JLB2V1T" failures="0" tests="1" name="Test_Package.Test_ScrollDown_Work" time="13.091" errors="0" timestamp="2024-09-26T15:09:23 IST" skipped="0">
  <testcase classname="Test_Package.Test_ScrollDown_Work" name="test" time="13.091"/>
  <system-out/>
</testsuite> <!-- Test_Package.Test_ScrollDown_Work -->
