<?xml version="1.0" encoding="UTF-8"?>
<!-- Generated by org.testng.reporters.JUnitReportReporter -->
<testsuite hostname="DESKTOP-JLB2V1T" failures="0" tests="1" name="testPackage.Test_AddCart_Work" time="10.908" errors="0" timestamp="2024-09-23T22:32:38 IST" skipped="0">
  <testcase classname="testPackage.Test_AddCart_Work" name="test" time="10.908"/>
  <system-out/>
</testsuite> <!-- testPackage.Test_AddCart_Work -->
