<?xml version="1.0" encoding="UTF-8"?>
<!-- Generated by org.testng.reporters.JUnitReportReporter -->
<testsuite hostname="DESKTOP-JLB2V1T" failures="0" tests="1" name="mavenwork.DemoMaven1" time="5.403" errors="0" timestamp="2024-08-22T13:47:34 IST" skipped="0">
  <testcase classname="mavenwork.DemoMaven1" name="crossbrowsertest" time="5.403"/>
  <system-out/>
</testsuite> <!-- mavenwork.DemoMaven1 -->
