<?xml version="1.0" encoding="UTF-8"?>
<!-- Generated by org.testng.reporters.JUnitReportReporter -->
<testsuite hostname="DESKTOP-JLB2V1T" failures="0" tests="1" name="Test_Package.Test_AddCart_Work" time="12.985" errors="0" timestamp="2024-09-26T18:36:28 IST" skipped="0">
  <testcase classname="Test_Package.Test_AddCart_Work" name="test" time="12.985"/>
  <system-out/>
</testsuite> <!-- Test_Package.Test_AddCart_Work -->
