<?xml version="1.0" encoding="UTF-8"?>
<!-- Generated by org.testng.reporters.JUnitReportReporter -->
<testsuite hostname="DESKTOP-JLB2V1T" failures="0" tests="1" name="Test_Package.Test_SearchItem_Work" time="10.448" errors="0" timestamp="2024-09-25T21:23:41 IST" skipped="0">
  <testcase classname="Test_Package.Test_SearchItem_Work" name="test" time="10.448"/>
  <system-out/>
</testsuite> <!-- Test_Package.Test_SearchItem_Work -->
