<?xml version="1.0" encoding="UTF-8"?>
<!-- Generated by org.testng.reporters.JUnitReportReporter -->
<testsuite hostname="DESKTOP-JLB2V1T" failures="0" tests="1" name="Test_Package.Test_LoginSection_Work" time="8.241" errors="0" timestamp="2024-09-26T18:22:07 IST" skipped="0">
  <testcase classname="Test_Package.Test_LoginSection_Work" name="test" time="8.241"/>
  <system-out/>
</testsuite> <!-- Test_Package.Test_LoginSection_Work -->
