<?xml version="1.0" encoding="UTF-8"?>
<!-- Generated by org.testng.reporters.JUnitReportReporter -->
<testsuite hostname="DESKTOP-JLB2V1T" failures="0" tests="1" name="Test_Package.Test_WebElements_Work" time="30.155" errors="0" timestamp="2024-09-25T21:18:35 IST" skipped="0">
  <testcase classname="Test_Package.Test_WebElements_Work" name="test" time="30.155"/>
  <system-out/>
</testsuite> <!-- Test_Package.Test_WebElements_Work -->
