<?xml version="1.0" encoding="UTF-8"?>
<!-- Generated by org.testng.reporters.JUnitReportReporter -->
<testsuite hostname="DESKTOP-JLB2V1T" failures="0" tests="1" name="Test_Package.Test_Screenshot_Work" time="5.426" errors="0" timestamp="2024-09-26T18:08:26 IST" skipped="0">
  <testcase classname="Test_Package.Test_Screenshot_Work" name="test" time="5.426"/>
  <system-out/>
</testsuite> <!-- Test_Package.Test_Screenshot_Work -->
