<?xml version="1.0" encoding="UTF-8"?>
<!-- Generated by org.testng.reporters.JUnitReportReporter -->
<testsuite hostname="DESKTOP-JLB2V1T" failures="0" tests="2" name="mavenwork.Automation_ProjectMain" time="51.501" errors="0" timestamp="2024-09-18T15:21:08 IST" skipped="0">
  <testcase classname="mavenwork.Automation_ProjectMain" name="crossbrowsertest" time="4.191"/>
  <system-out/>
  <testcase classname="mavenwork.Automation_ProjectMain" name="urlltesting" time="47.310"/>
  <system-out/>
</testsuite> <!-- mavenwork.Automation_ProjectMain -->
